2014-12-01T20:21:02.136Z - debug: Waterline models has been loaded
2014-12-01T20:21:02.183Z - debug: Passport module has been loaded
2014-12-01T20:21:02.681Z - debug: Express application configuration done
2014-12-01T20:21:02.681Z - debug: Plugins loaded
2014-12-01T20:21:02.781Z - debug: Routes configuration loaded
2014-12-01T20:21:02.782Z - info: Express server listening on port 3000
2014-12-01T20:28:31.439Z - debug: Waterline models has been loaded
2014-12-01T20:28:31.544Z - debug: Passport module has been loaded
2014-12-01T20:28:32.016Z - debug: Express application configuration done
2014-12-01T20:28:32.019Z - debug: Plugins loaded
2014-12-01T20:28:32.138Z - debug: Routes configuration loaded
2014-12-01T20:28:32.149Z - info: Express server listening on port 3000
2014-12-01T20:33:52.380Z - debug: Waterline models has been loaded
2014-12-01T20:33:52.442Z - debug: Passport module has been loaded
2014-12-01T20:33:52.840Z - debug: Express application configuration done
2014-12-01T20:33:52.840Z - debug: Plugins loaded
2014-12-01T20:33:52.934Z - debug: Routes configuration loaded
2014-12-01T20:33:52.950Z - info: Express server listening on port 3000
2014-12-01T20:34:05.165Z - debug: Waterline models has been loaded
2014-12-01T20:34:05.212Z - debug: Passport module has been loaded
2014-12-01T20:34:05.636Z - debug: Express application configuration done
2014-12-01T20:34:05.636Z - debug: Plugins loaded
2014-12-01T20:34:05.730Z - debug: Routes configuration loaded
2014-12-01T20:34:05.747Z - info: Express server listening on port 3000
2014-12-01T20:34:23.564Z - debug: Waterline models has been loaded
2014-12-01T20:34:23.665Z - debug: Passport module has been loaded
2014-12-01T20:34:24.159Z - debug: Express application configuration done
2014-12-01T20:34:24.159Z - debug: Plugins loaded
2014-12-01T20:34:24.315Z - debug: Routes configuration loaded
2014-12-01T20:34:24.315Z - info: Express server listening on port 3000
2014-12-01T20:34:34.724Z - debug: Waterline models has been loaded
2014-12-01T20:34:34.774Z - debug: Passport module has been loaded
2014-12-01T20:34:35.221Z - debug: Express application configuration done
2014-12-01T20:34:35.224Z - debug: Plugins loaded
2014-12-01T20:34:35.339Z - debug: Routes configuration loaded
2014-12-01T20:34:35.350Z - info: Express server listening on port 3000
2014-12-01T20:35:07.419Z - debug: Waterline models has been loaded
2014-12-01T20:35:07.481Z - debug: Passport module has been loaded
2014-12-01T20:35:08.069Z - debug: Express application configuration done
2014-12-01T20:35:08.090Z - debug: Plugins loaded
2014-12-01T20:35:08.197Z - debug: Routes configuration loaded
2014-12-01T20:35:08.197Z - info: Express server listening on port 3000
2014-12-01T20:35:37.159Z - debug: Waterline models has been loaded
2014-12-01T20:35:37.246Z - debug: Passport module has been loaded
2014-12-01T20:35:37.764Z - debug: Express application configuration done
2014-12-01T20:35:37.766Z - debug: Plugins loaded
2014-12-01T20:35:37.878Z - debug: Routes configuration loaded
2014-12-01T20:35:37.889Z - info: Express server listening on port 3000
2014-12-01T20:35:51.428Z - debug: Waterline models has been loaded
2014-12-01T20:35:51.490Z - debug: Passport module has been loaded
2014-12-01T20:35:51.912Z - debug: Express application configuration done
2014-12-01T20:35:51.912Z - debug: Plugins loaded
2014-12-01T20:35:51.992Z - debug: Routes configuration loaded
2014-12-01T20:35:52.008Z - info: Express server listening on port 3000
2014-12-01T20:36:06.143Z - debug: Waterline models has been loaded
2014-12-01T20:36:06.266Z - debug: Passport module has been loaded
2014-12-01T20:36:06.747Z - debug: Express application configuration done
2014-12-01T20:36:06.763Z - debug: Plugins loaded
2014-12-01T20:36:06.887Z - debug: Routes configuration loaded
2014-12-01T20:36:06.902Z - info: Express server listening on port 3000
2014-12-01T20:36:56.880Z - debug: Waterline models has been loaded
2014-12-01T20:36:56.974Z - debug: Passport module has been loaded
2014-12-01T20:36:57.398Z - debug: Express application configuration done
2014-12-01T20:36:57.398Z - debug: Plugins loaded
2014-12-01T20:36:57.492Z - debug: Routes configuration loaded
2014-12-01T20:36:57.508Z - info: Express server listening on port 3000
2014-12-01T20:37:47.143Z - debug: Waterline models has been loaded
2014-12-01T20:37:47.206Z - debug: Passport module has been loaded
2014-12-01T20:37:47.788Z - debug: Express application configuration done
2014-12-01T20:37:47.788Z - debug: Plugins loaded
2014-12-01T20:37:47.880Z - debug: Routes configuration loaded
2014-12-01T20:37:47.896Z - info: Express server listening on port 3000
2014-12-01T20:38:04.840Z - debug: Waterline models has been loaded
2014-12-01T20:38:04.903Z - debug: Passport module has been loaded
2014-12-01T20:38:05.334Z - debug: Express application configuration done
2014-12-01T20:38:05.334Z - debug: Plugins loaded
2014-12-01T20:38:05.428Z - debug: Routes configuration loaded
2014-12-01T20:38:05.428Z - info: Express server listening on port 3000
2014-12-01T20:38:25.874Z - debug: Waterline models has been loaded
2014-12-01T20:38:25.921Z - debug: Passport module has been loaded
2014-12-01T20:38:26.382Z - debug: Express application configuration done
2014-12-01T20:38:26.382Z - debug: Plugins loaded
2014-12-01T20:38:26.488Z - debug: Routes configuration loaded
2014-12-01T20:38:26.488Z - info: Express server listening on port 3000
2014-12-01T20:39:33.924Z - debug: Waterline models has been loaded
2014-12-01T20:39:34.093Z - debug: Passport module has been loaded
2014-12-01T20:39:34.640Z - debug: Express application configuration done
2014-12-01T20:39:34.644Z - debug: Plugins loaded
2014-12-01T20:39:34.777Z - debug: Routes configuration loaded
2014-12-01T20:39:34.808Z - info: Express server listening on port 3000
